<?xml version="1.0" encoding="UTF-8"?>
<testsuites>
  <testsuite name="my test" tests="124" assertions="508" failures="0" errors="0" time="4.702083">
    <testsuite name="Flagship\Api\TrackingManagerTest" file="/home/app/tests/Api/TrackingManagerTest.php" tests="7" assertions="10" failures="0" errors="0" time="0.224212">
      <testcase name="testConstruct" class="Flagship\Api\TrackingManagerTest" file="/home/app/tests/Api/TrackingManagerTest.php" line="23" assertions="1" time="0.012546"/>
      <testcase name="testSendActive" class="Flagship\Api\TrackingManagerTest" file="/home/app/tests/Api/TrackingManagerTest.php" line="30" assertions="1" time="0.046406"/>
      <testcase name="testSendActiveThrowException" class="Flagship\Api\TrackingManagerTest" file="/home/app/tests/Api/TrackingManagerTest.php" line="73" assertions="2" time="0.038402"/>
      <testcase name="testSendHit" class="Flagship\Api\TrackingManagerTest" file="/home/app/tests/Api/TrackingManagerTest.php" line="121" assertions="1" time="0.024920"/>
      <testcase name="testSendHitThrowException" class="Flagship\Api\TrackingManagerTest" file="/home/app/tests/Api/TrackingManagerTest.php" line="156" assertions="2" time="0.027042"/>
      <testcase name="testSendConsentHit" class="Flagship\Api\TrackingManagerTest" file="/home/app/tests/Api/TrackingManagerTest.php" line="211" assertions="1" time="0.033249"/>
      <testcase name="testSendConsentHitThrowException" class="Flagship\Api\TrackingManagerTest" file="/home/app/tests/Api/TrackingManagerTest.php" line="250" assertions="2" time="0.041647"/>
    </testsuite>
    <testsuite name="Flagship\Config\BucketingConfigTest" file="/home/app/tests/Config/BucketingConfigTest.php" tests="3" assertions="9" failures="0" errors="0" time="0.042743">
      <testcase name="testSetPollingInterval" class="Flagship\Config\BucketingConfigTest" file="/home/app/tests/Config/BucketingConfigTest.php" line="14" assertions="3" time="0.011371"/>
      <testcase name="testSetBucketingDirectory" class="Flagship\Config\BucketingConfigTest" file="/home/app/tests/Config/BucketingConfigTest.php" line="33" assertions="2" time="0.013384"/>
      <testcase name="testJson" class="Flagship\Config\BucketingConfigTest" file="/home/app/tests/Config/BucketingConfigTest.php" line="50" assertions="4" time="0.017988"/>
    </testsuite>
    <testsuite name="Flagship\Config\FlagshipConfigTest" file="/home/app/tests/Config/FlagshipConfigTest.php" tests="9" assertions="25" failures="0" errors="0" time="0.140124">
      <testsuite name="Flagship\Config\FlagshipConfigTest::testSetTimeOut" tests="1" assertions="4" failures="0" errors="0" time="0.013811">
        <testcase name="testSetTimeOut with data set #0" assertions="4" time="0.013811"/>
      </testsuite>
      <testcase name="testSetLogLevel" class="Flagship\Config\FlagshipConfigTest" file="/home/app/tests/Config/FlagshipConfigTest.php" line="41" assertions="5" time="0.011639"/>
      <testsuite name="Flagship\Config\FlagshipConfigTest::testSetApiKey" tests="1" assertions="1" failures="0" errors="0" time="0.012128">
        <testcase name="testSetApiKey with data set #0" assertions="1" time="0.012128"/>
      </testsuite>
      <testsuite name="Flagship\Config\FlagshipConfigTest::testSetEnvId" tests="1" assertions="1" failures="0" errors="0" time="0.016096">
        <testcase name="testSetEnvId with data set #0" assertions="1" time="0.016096"/>
      </testsuite>
      <testsuite name="Flagship\Config\FlagshipConfigTest::testDecisionMode" tests="1" assertions="1" failures="0" errors="0" time="0.011328">
        <testcase name="testDecisionMode with data set #0" assertions="1" time="0.011328"/>
      </testsuite>
      <testsuite name="Flagship\Config\FlagshipConfigTest::testConstruct" tests="1" assertions="3" failures="0" errors="0" time="0.015166">
        <testcase name="testConstruct with data set #0" assertions="3" time="0.015166"/>
      </testsuite>
      <testsuite name="Flagship\Config\FlagshipConfigTest::testSetDecisionMode" tests="1" assertions="2" failures="0" errors="0" time="0.015114">
        <testcase name="testSetDecisionMode with data set #0" assertions="2" time="0.015114"/>
      </testsuite>
      <testcase name="testSetStatusChangedCallback" class="Flagship\Config\FlagshipConfigTest" file="/home/app/tests/Config/FlagshipConfigTest.php" line="123" assertions="4" time="0.021711"/>
      <testcase name="testJson" class="Flagship\Config\FlagshipConfigTest" file="/home/app/tests/Config/FlagshipConfigTest.php" line="163" assertions="4" time="0.023131"/>
    </testsuite>
    <testsuite name="Flagship\Decision\ApiManagerTest" file="/home/app/tests/Decision/ApiManagerTest.php" tests="5" assertions="21" failures="0" errors="0" time="0.145572">
      <testcase name="testConstruct" class="Flagship\Decision\ApiManagerTest" file="/home/app/tests/Decision/ApiManagerTest.php" line="18" assertions="4" time="0.014113"/>
      <testcase name="testGetCampaignModifications" class="Flagship\Decision\ApiManagerTest" file="/home/app/tests/Decision/ApiManagerTest.php" line="30" assertions="10" time="0.045424"/>
      <testcase name="testGetCampaignModificationsWithPanicMode" class="Flagship\Decision\ApiManagerTest" file="/home/app/tests/Decision/ApiManagerTest.php" line="176" assertions="4" time="0.027892"/>
      <testcase name="testGetCampaignModificationsWithSomeFailed" class="Flagship\Decision\ApiManagerTest" file="/home/app/tests/Decision/ApiManagerTest.php" line="212" assertions="1" time="0.027960"/>
      <testcase name="testGetCampaignThrowException" class="Flagship\Decision\ApiManagerTest" file="/home/app/tests/Decision/ApiManagerTest.php" line="283" assertions="2" time="0.030183"/>
    </testsuite>
    <testsuite name="Flagship\Decision\BucketingManagerTest" file="/home/app/tests/Decision/BucketingManagerTest.php" tests="7" assertions="71" failures="0" errors="0" time="0.180908">
      <testcase name="testGetCampaignModification" class="Flagship\Decision\BucketingManagerTest" file="/home/app/tests/Decision/BucketingManagerTest.php" line="23" assertions="7" time="0.038215"/>
      <testcase name="testSendContext" class="Flagship\Decision\BucketingManagerTest" file="/home/app/tests/Decision/BucketingManagerTest.php" line="92" assertions="2" time="0.039471"/>
      <testcase name="testSendContextWithError" class="Flagship\Decision\BucketingManagerTest" file="/home/app/tests/Decision/BucketingManagerTest.php" line="150" assertions="2" time="0.032683"/>
      <testcase name="testGetVariation" class="Flagship\Decision\BucketingManagerTest" file="/home/app/tests/Decision/BucketingManagerTest.php" line="205" assertions="3" time="0.015204"/>
      <testcase name="testIsMatchTargeting" class="Flagship\Decision\BucketingManagerTest" file="/home/app/tests/Decision/BucketingManagerTest.php" line="269" assertions="7" time="0.017879"/>
      <testcase name="testCheckAndTargeting" class="Flagship\Decision\BucketingManagerTest" file="/home/app/tests/Decision/BucketingManagerTest.php" line="430" assertions="8" time="0.017636"/>
      <testcase name="testOperator" class="Flagship\Decision\BucketingManagerTest" file="/home/app/tests/Decision/BucketingManagerTest.php" line="522" assertions="42" time="0.019820"/>
    </testsuite>
    <testsuite name="Flagship\Decision\BucketingPollingTest" file="/home/app/tests/Decision/BucketingPollingTest.php" tests="3" assertions="7" failures="0" errors="0" time="2.069469">
      <testcase name="testStartPolling" class="Flagship\Decision\BucketingPollingTest" file="/home/app/tests/Decision/BucketingPollingTest.php" line="16" assertions="4" time="0.022615"/>
      <testcase name="testStartPollingThrowError" class="Flagship\Decision\BucketingPollingTest" file="/home/app/tests/Decision/BucketingPollingTest.php" line="53" assertions="2" time="0.020656"/>
      <testcase name="testCheckAndUpdateField" class="Flagship\Decision\BucketingPollingTest" file="/home/app/tests/Decision/BucketingPollingTest.php" line="73" assertions="1" time="2.026198"/>
    </testsuite>
    <testsuite name="Flagship\Enum\DecisionModeTest" file="/home/app/tests/Enum/DecisionModeTest.php" tests="1" assertions="5" failures="0" errors="0" time="0.010882">
      <testcase name="testIsDecisionMode" class="Flagship\Enum\DecisionModeTest" file="/home/app/tests/Enum/DecisionModeTest.php" line="10" assertions="5" time="0.010882"/>
    </testsuite>
    <testsuite name="Flagship\Enum\FlagshipStatusTest" file="/home/app/tests/Enum/FlagshipStatusTest.php" tests="1" assertions="9" failures="0" errors="0" time="0.010400">
      <testcase name="testGetStatusName" class="Flagship\Enum\FlagshipStatusTest" file="/home/app/tests/Enum/FlagshipStatusTest.php" line="10" assertions="9" time="0.010400"/>
    </testsuite>
    <testsuite name="Flagship\FlagshipTest" file="/home/app/tests/FlagshipTest.php" tests="14" assertions="58" failures="0" errors="0" time="0.292337">
      <testcase name="testInstance" class="Flagship\FlagshipTest" file="/home/app/tests/FlagshipTest.php" line="62" assertions="3" time="0.012790"/>
      <testcase name="testStart" class="Flagship\FlagshipTest" file="/home/app/tests/FlagshipTest.php" line="76" assertions="11" time="0.017673"/>
      <testcase name="testStartWithoutConfig" class="Flagship\FlagshipTest" file="/home/app/tests/FlagshipTest.php" line="108" assertions="11" time="0.024225"/>
      <testcase name="testStartWithLog" class="Flagship\FlagshipTest" file="/home/app/tests/FlagshipTest.php" line="188" assertions="4" time="0.027711"/>
      <testcase name="testStartFailed" class="Flagship\FlagshipTest" file="/home/app/tests/FlagshipTest.php" line="224" assertions="10" time="0.019621"/>
      <testcase name="testStartFailedWithLog" class="Flagship\FlagshipTest" file="/home/app/tests/FlagshipTest.php" line="270" assertions="4" time="0.031569"/>
      <testcase name="testStartFailedThrowException" class="Flagship\FlagshipTest" file="/home/app/tests/FlagshipTest.php" line="306" assertions="2" time="0.028926"/>
      <testcase name="testGetStatus" class="Flagship\FlagshipTest" file="/home/app/tests/FlagshipTest.php" line="348" assertions="5" time="0.016878"/>
      <testcase name="testIsReady" class="Flagship\FlagshipTest" file="/home/app/tests/FlagshipTest.php" line="369" assertions="1" time="0.012539"/>
      <testcase name="testNewVisitor" class="Flagship\FlagshipTest" file="/home/app/tests/FlagshipTest.php" line="375" assertions="1" time="0.018169"/>
      <testcase name="testNewVisitorFailed" class="Flagship\FlagshipTest" file="/home/app/tests/FlagshipTest.php" line="390" assertions="1" time="0.016295"/>
      <testcase name="testNewVisitorFailedWithoutStart" class="Flagship\FlagshipTest" file="/home/app/tests/FlagshipTest.php" line="406" assertions="1" time="0.012521"/>
      <testcase name="testStatusCallback" class="Flagship\FlagshipTest" file="/home/app/tests/FlagshipTest.php" line="417" assertions="1" time="0.017142"/>
      <testcase name="testGetPanicModeStatus" class="Flagship\FlagshipTest" file="/home/app/tests/FlagshipTest.php" line="428" assertions="3" time="0.036278"/>
    </testsuite>
    <testsuite name="Flagship\Hit\EventTest" file="/home/app/tests/Hit/EventTest.php" tests="3" assertions="13" failures="0" errors="0" time="0.050477">
      <testcase name="testConstruct" class="Flagship\Hit\EventTest" file="/home/app/tests/Hit/EventTest.php" line="13" assertions="5" time="0.023886"/>
      <testcase name="testSetCategory" class="Flagship\Hit\EventTest" file="/home/app/tests/Hit/EventTest.php" line="106" assertions="3" time="0.012426"/>
      <testcase name="testIsReady" class="Flagship\Hit\EventTest" file="/home/app/tests/Hit/EventTest.php" line="122" assertions="5" time="0.014165"/>
    </testsuite>
    <testsuite name="Flagship\Hit\ItemTest" file="/home/app/tests/Hit/ItemTest.php" tests="2" assertions="10" failures="0" errors="0" time="0.043528">
      <testcase name="testConstruct" class="Flagship\Hit\ItemTest" file="/home/app/tests/Hit/ItemTest.php" line="13" assertions="5" time="0.029542"/>
      <testcase name="testIsReady" class="Flagship\Hit\ItemTest" file="/home/app/tests/Hit/ItemTest.php" line="112" assertions="5" time="0.013986"/>
    </testsuite>
    <testsuite name="Flagship\Hit\PageTest" file="/home/app/tests/Hit/PageTest.php" tests="2" assertions="6" failures="0" errors="0" time="0.029049">
      <testcase name="testConstruct" class="Flagship\Hit\PageTest" file="/home/app/tests/Hit/PageTest.php" line="13" assertions="1" time="0.014177"/>
      <testcase name="testIsReady" class="Flagship\Hit\PageTest" file="/home/app/tests/Hit/PageTest.php" line="42" assertions="5" time="0.014872"/>
    </testsuite>
    <testsuite name="Flagship\Hit\ScreenTest" file="/home/app/tests/Hit/ScreenTest.php" tests="2" assertions="7" failures="0" errors="0" time="0.028760">
      <testcase name="testConstruct" class="Flagship\Hit\ScreenTest" file="/home/app/tests/Hit/ScreenTest.php" line="13" assertions="2" time="0.013297"/>
      <testcase name="testIsReady" class="Flagship\Hit\ScreenTest" file="/home/app/tests/Hit/ScreenTest.php" line="44" assertions="5" time="0.015463"/>
    </testsuite>
    <testsuite name="Flagship\Hit\TransactionTest" file="/home/app/tests/Hit/TransactionTest.php" tests="2" assertions="24" failures="0" errors="0" time="0.046308">
      <testcase name="testConstruct" class="Flagship\Hit\TransactionTest" file="/home/app/tests/Hit/TransactionTest.php" line="13" assertions="19" time="0.032538"/>
      <testcase name="testIsReady" class="Flagship\Hit\TransactionTest" file="/home/app/tests/Hit/TransactionTest.php" line="159" assertions="5" time="0.013770"/>
    </testsuite>
    <testsuite name="Flagship\Model\HttpResponseTest" file="/home/app/tests/Model/HttpResponseTest.php" tests="1" assertions="5" failures="0" errors="0" time="0.012031">
      <testcase name="testConstruct" class="Flagship\Model\HttpResponseTest" file="/home/app/tests/Model/HttpResponseTest.php" line="10" assertions="5" time="0.012031"/>
    </testsuite>
    <testsuite name="Flagship\Model\ModificationTest" file="/home/app/tests/Model/ModificationTest.php" tests="1" assertions="9" failures="0" errors="0" time="0.015531">
      <testcase name="testModificationInstance" class="Flagship\Model\ModificationTest" file="/home/app/tests/Model/ModificationTest.php" line="10" assertions="9" time="0.015531"/>
    </testsuite>
    <testsuite name="Flagship\Traits\BuildApiTraitTest" file="/home/app/tests/Traits/BuildApiTraitTest.php" tests="2" assertions="5" failures="0" errors="0" time="0.029450">
      <testcase name="testBuildHeader" class="Flagship\Traits\BuildApiTraitTest" file="/home/app/tests/Traits/BuildApiTraitTest.php" line="11" assertions="2" time="0.014043"/>
      <testcase name="testSetVisitorBodyParams" class="Flagship\Traits\BuildApiTraitTest" file="/home/app/tests/Traits/BuildApiTraitTest.php" line="45" assertions="3" time="0.015407"/>
    </testsuite>
    <testsuite name="Flagship\Traits\LogTraitTest" file="/home/app/tests/Traits/LogTraitTest.php" tests="2" assertions="2" failures="0" errors="0" time="0.046437">
      <testcase name="testLoginError" class="Flagship\Traits\LogTraitTest" file="/home/app/tests/Traits/LogTraitTest.php" line="13" assertions="1" time="0.023087"/>
      <testcase name="testLoginInfo" class="Flagship\Traits\LogTraitTest" file="/home/app/tests/Traits/LogTraitTest.php" line="63" assertions="1" time="0.023350"/>
    </testsuite>
    <testsuite name="Flagship\Traits\ValidatorTraitTest" file="/home/app/tests/Traits/ValidatorTraitTest.php" tests="6" assertions="31" failures="0" errors="0" time="0.106463">
      <testcase name="testIsValueValid" class="Flagship\Traits\ValidatorTraitTest" file="/home/app/tests/Traits/ValidatorTraitTest.php" line="13" assertions="5" time="0.014935"/>
      <testcase name="testIsKeyValid" class="Flagship\Traits\ValidatorTraitTest" file="/home/app/tests/Traits/ValidatorTraitTest.php" line="37" assertions="8" time="0.015852"/>
      <testcase name="testCheckType" class="Flagship\Traits\ValidatorTraitTest" file="/home/app/tests/Traits/ValidatorTraitTest.php" line="72" assertions="8" time="0.014633"/>
      <testcase name="testCheckFlagshipContext" class="Flagship\Traits\ValidatorTraitTest" file="/home/app/tests/Traits/ValidatorTraitTest.php" line="98" assertions="4" time="0.025283"/>
      <testcase name="testIsJsonObject" class="Flagship\Traits\ValidatorTraitTest" file="/home/app/tests/Traits/ValidatorTraitTest.php" line="150" assertions="3" time="0.014230"/>
      <testcase name="testIsNumeric" class="Flagship\Traits\ValidatorTraitTest" file="/home/app/tests/Traits/ValidatorTraitTest.php" line="168" assertions="3" time="0.021530"/>
    </testsuite>
    <testsuite name="Flagship\Utils\ConfigManagerTest" file="/home/app/tests/Utils/ConfigManagerTest.php" tests="1" assertions="6" failures="0" errors="0" time="0.015344">
      <testcase name="testInstance" class="Flagship\Utils\ConfigManagerTest" file="/home/app/tests/Utils/ConfigManagerTest.php" line="12" assertions="6" time="0.015344"/>
    </testsuite>
    <testsuite name="Flagship\Utils\ContainerTest" file="/home/app/tests/Utils/ContainerTest.php" tests="6" assertions="19" failures="0" errors="0" time="0.100666">
      <testcase name="testGet" class="Flagship\Utils\ContainerTest" file="/home/app/tests/Utils/ContainerTest.php" line="10" assertions="4" time="0.012928"/>
      <testcase name="testGetWithDefaultArgs" class="Flagship\Utils\ContainerTest" file="/home/app/tests/Utils/ContainerTest.php" line="43" assertions="3" time="0.012109"/>
      <testcase name="testGetNotInstantiable" class="Flagship\Utils\ContainerTest" file="/home/app/tests/Utils/ContainerTest.php" line="53" assertions="1" time="0.013544"/>
      <testcase name="testGetWithCustomArgument" class="Flagship\Utils\ContainerTest" file="/home/app/tests/Utils/ContainerTest.php" line="63" assertions="3" time="0.025351"/>
      <testcase name="testFactory" class="Flagship\Utils\ContainerTest" file="/home/app/tests/Utils/ContainerTest.php" line="76" assertions="3" time="0.025033"/>
      <testcase name="testBind" class="Flagship\Utils\ContainerTest" file="/home/app/tests/Utils/ContainerTest.php" line="88" assertions="5" time="0.011701"/>
    </testsuite>
    <testsuite name="Flagship\Utils\FlagshipLogManagerTest" file="/home/app/tests/Utils/FlagshipLogManagerTest.php" tests="9" assertions="9" failures="0" errors="0" time="0.124318">
      <testsuite name="Flagship\Utils\FlagshipLogManagerTest::testError" tests="1" assertions="1" failures="0" errors="0" time="0.015212">
        <testcase name="testError with data set #0" assertions="1" time="0.015212"/>
      </testsuite>
      <testsuite name="Flagship\Utils\FlagshipLogManagerTest::testInfo" tests="1" assertions="1" failures="0" errors="0" time="0.012670">
        <testcase name="testInfo with data set #0" assertions="1" time="0.012670"/>
      </testsuite>
      <testsuite name="Flagship\Utils\FlagshipLogManagerTest::testAlert" tests="1" assertions="1" failures="0" errors="0" time="0.012781">
        <testcase name="testAlert with data set #0" assertions="1" time="0.012781"/>
      </testsuite>
      <testsuite name="Flagship\Utils\FlagshipLogManagerTest::testEmergency" tests="1" assertions="1" failures="0" errors="0" time="0.013128">
        <testcase name="testEmergency with data set #0" assertions="1" time="0.013128"/>
      </testsuite>
      <testsuite name="Flagship\Utils\FlagshipLogManagerTest::testLog" tests="1" assertions="1" failures="0" errors="0" time="0.014522">
        <testcase name="testLog with data set #0" assertions="1" time="0.014522"/>
      </testsuite>
      <testsuite name="Flagship\Utils\FlagshipLogManagerTest::testWarning" tests="1" assertions="1" failures="0" errors="0" time="0.011143">
        <testcase name="testWarning with data set #0" assertions="1" time="0.011143"/>
      </testsuite>
      <testsuite name="Flagship\Utils\FlagshipLogManagerTest::testCritical" tests="1" assertions="1" failures="0" errors="0" time="0.012913">
        <testcase name="testCritical with data set #0" assertions="1" time="0.012913"/>
      </testsuite>
      <testsuite name="Flagship\Utils\FlagshipLogManagerTest::testNotice" tests="1" assertions="1" failures="0" errors="0" time="0.014350">
        <testcase name="testNotice with data set #0" assertions="1" time="0.014350"/>
      </testsuite>
      <testsuite name="Flagship\Utils\FlagshipLogManagerTest::testDebug" tests="1" assertions="1" failures="0" errors="0" time="0.017599">
        <testcase name="testDebug with data set #0" assertions="1" time="0.017599"/>
      </testsuite>
    </testsuite>
    <testsuite name="Flagship\Utils\HttpClientTest" file="/home/app/tests/Utils/HttpClientTest.php" tests="7" assertions="16" failures="0" errors="0" time="0.094563">
      <testcase name="testConstructorFailed" class="Flagship\Utils\HttpClientTest" file="/home/app/tests/Utils/HttpClientTest.php" line="13" assertions="2" time="0.013022"/>
      <testcase name="testSetOption" class="Flagship\Utils\HttpClientTest" file="/home/app/tests/Utils/HttpClientTest.php" line="20" assertions="1" time="0.011282"/>
      <testcase name="testSetHeaders" class="Flagship\Utils\HttpClientTest" file="/home/app/tests/Utils/HttpClientTest.php" line="29" assertions="3" time="0.012110"/>
      <testcase name="testBuildUrl" class="Flagship\Utils\HttpClientTest" file="/home/app/tests/Utils/HttpClientTest.php" line="39" assertions="2" time="0.013352"/>
      <testcase name="testPost" class="Flagship\Utils\HttpClientTest" file="/home/app/tests/Utils/HttpClientTest.php" line="66" assertions="3" time="0.018437"/>
      <testcase name="testPostFailed" class="Flagship\Utils\HttpClientTest" file="/home/app/tests/Utils/HttpClientTest.php" line="82" assertions="1" time="0.012567"/>
      <testcase name="testGet" class="Flagship\Utils\HttpClientTest" file="/home/app/tests/Utils/HttpClientTest.php" line="92" assertions="4" time="0.013793"/>
    </testsuite>
    <testsuite name="Flagship\Utils\MurmurHashTest" file="/home/app/tests/Utils/MurmurHashTest.php" tests="1" assertions="4" failures="0" errors="0" time="0.014075">
      <testcase name="testMurmurHash3Int32" class="Flagship\Utils\MurmurHashTest" file="/home/app/tests/Utils/MurmurHashTest.php" line="10" assertions="4" time="0.014075"/>
    </testsuite>
    <testsuite name="Flagship\Visitor\DefaultStrategyTest" file="/home/app/tests/Visitor/DefaultStrategyTest.php" tests="14" assertions="74" failures="0" errors="0" time="0.394243">
      <testcase name="testUpdateContext" class="Flagship\Visitor\DefaultStrategyTest" file="/home/app/tests/Visitor/DefaultStrategyTest.php" line="77" assertions="17" time="0.025373"/>
      <testcase name="testUpdateContextCollection" class="Flagship\Visitor\DefaultStrategyTest" file="/home/app/tests/Visitor/DefaultStrategyTest.php" line="191" assertions="2" time="0.018476"/>
      <testcase name="testClearContext" class="Flagship\Visitor\DefaultStrategyTest" file="/home/app/tests/Visitor/DefaultStrategyTest.php" line="221" assertions="2" time="0.016820"/>
      <testcase name="testAuthenticate" class="Flagship\Visitor\DefaultStrategyTest" file="/home/app/tests/Visitor/DefaultStrategyTest.php" line="241" assertions="7" time="0.028421"/>
      <testcase name="testUnauthenticate" class="Flagship\Visitor\DefaultStrategyTest" file="/home/app/tests/Visitor/DefaultStrategyTest.php" line="298" assertions="3" time="0.028204"/>
      <testsuite name="Flagship\Visitor\DefaultStrategyTest::testSynchronizeModifications" tests="1" assertions="13" failures="0" errors="0" time="0.029211">
        <testcase name="testSynchronizeModifications with data set #0" assertions="13" time="0.029211"/>
      </testsuite>
      <testsuite name="Flagship\Visitor\DefaultStrategyTest::testSynchronizeModificationsWithoutDecisionManager" tests="1" assertions="1" failures="0" errors="0" time="0.027037">
        <testcase name="testSynchronizeModificationsWithoutDecisionManager with data set #0" assertions="1" time="0.027037"/>
      </testsuite>
      <testsuite name="Flagship\Visitor\DefaultStrategyTest::testGetModificationWithActive" tests="1" assertions="1" failures="0" errors="0" time="0.035961">
        <testcase name="testGetModificationWithActive with data set #0" assertions="1" time="0.035961"/>
      </testsuite>
      <testsuite name="Flagship\Visitor\DefaultStrategyTest::testGetModificationLog" tests="1" assertions="1" failures="0" errors="0" time="0.035537">
        <testcase name="testGetModificationLog with data set #0" assertions="1" time="0.035537"/>
      </testsuite>
      <testsuite name="Flagship\Visitor\DefaultStrategyTest::testGetModificationInfo" tests="1" assertions="4" failures="0" errors="0" time="0.029101">
        <testcase name="testGetModificationInfo with data set #0" assertions="4" time="0.029101"/>
      </testsuite>
      <testsuite name="Flagship\Visitor\DefaultStrategyTest::testActivateModification" tests="1" assertions="2" failures="0" errors="0" time="0.029644">
        <testcase name="testActivateModification with data set #0" assertions="2" time="0.029644"/>
      </testsuite>
      <testsuite name="Flagship\Visitor\DefaultStrategyTest::testActivateModificationWithoutTrackerManager" tests="1" assertions="1" failures="0" errors="0" time="0.026116">
        <testcase name="testActivateModificationWithoutTrackerManager with data set #0" assertions="1" time="0.026116"/>
      </testsuite>
      <testcase name="testSendHit" class="Flagship\Visitor\DefaultStrategyTest" file="/home/app/tests/Visitor/DefaultStrategyTest.php" line="848" assertions="18" time="0.033562"/>
      <testcase name="testSendHitWithLog" class="Flagship\Visitor\DefaultStrategyTest" file="/home/app/tests/Visitor/DefaultStrategyTest.php" line="942" assertions="2" time="0.030781"/>
    </testsuite>
    <testsuite name="Flagship\Visitor\NoConsentStrategyTest" file="/home/app/tests/Visitor/NoConsentStrategyTest.php" tests="1" assertions="6" failures="0" errors="0" time="0.033592">
      <testcase name="testMethods" class="Flagship\Visitor\NoConsentStrategyTest" file="/home/app/tests/Visitor/NoConsentStrategyTest.php" line="15" assertions="6" time="0.033592"/>
    </testsuite>
    <testsuite name="Flagship\Visitor\NotReadyStrategyTest" file="/home/app/tests/Visitor/NotReadyStrategyTest.php" tests="1" assertions="6" failures="0" errors="0" time="0.033984">
      <testcase name="testMethods" class="Flagship\Visitor\NotReadyStrategyTest" file="/home/app/tests/Visitor/NotReadyStrategyTest.php" line="15" assertions="6" time="0.033984"/>
    </testsuite>
    <testsuite name="Flagship\Visitor\PanicStrategyTest" file="/home/app/tests/Visitor/PanicStrategyTest.php" tests="1" assertions="5" failures="0" errors="0" time="0.047901">
      <testcase name="testMethods" class="Flagship\Visitor\PanicStrategyTest" file="/home/app/tests/Visitor/PanicStrategyTest.php" line="15" assertions="5" time="0.047901"/>
    </testsuite>
    <testsuite name="Flagship\Visitor\VisitorBuilderTest" file="/home/app/tests/Visitor/VisitorBuilderTest.php" tests="1" assertions="6" failures="0" errors="0" time="0.030374">
      <testcase name="testBuilder" class="Flagship\Visitor\VisitorBuilderTest" file="/home/app/tests/Visitor/VisitorBuilderTest.php" line="12" assertions="6" time="0.030374"/>
    </testsuite>
    <testsuite name="Flagship\Visitor\VisitorDelegateTest" file="/home/app/tests/Visitor/VisitorDelegateTest.php" tests="6" assertions="21" failures="0" errors="0" time="0.188403">
      <testcase name="testConstruct" class="Flagship\Visitor\VisitorDelegateTest" file="/home/app/tests/Visitor/VisitorDelegateTest.php" line="19" assertions="9" time="0.039210"/>
      <testcase name="testSetAnonymous" class="Flagship\Visitor\VisitorDelegateTest" file="/home/app/tests/Visitor/VisitorDelegateTest.php" line="79" assertions="3" time="0.018601"/>
      <testcase name="testSetVisitorLog" class="Flagship\Visitor\VisitorDelegateTest" file="/home/app/tests/Visitor/VisitorDelegateTest.php" line="100" assertions="1" time="0.025060"/>
      <testcase name="testMethods" class="Flagship\Visitor\VisitorDelegateTest" file="/home/app/tests/Visitor/VisitorDelegateTest.php" line="143" assertions="1" time="0.061321"/>
      <testcase name="testJson" class="Flagship\Visitor\VisitorDelegateTest" file="/home/app/tests/Visitor/VisitorDelegateTest.php" line="256" assertions="3" time="0.020985"/>
      <testcase name="testGetStrategy" class="Flagship\Visitor\VisitorDelegateTest" file="/home/app/tests/Visitor/VisitorDelegateTest.php" line="280" assertions="4" time="0.023226"/>
    </testsuite>
    <testsuite name="Flagship\Visitor\VisitorTest" file="/home/app/tests/Visitor/VisitorTest.php" tests="3" assertions="9" failures="0" errors="0" time="0.099938">
      <testcase name="testConstruct" class="Flagship\Visitor\VisitorTest" file="/home/app/tests/Visitor/VisitorTest.php" line="18" assertions="5" time="0.022531"/>
      <testcase name="testMethods" class="Flagship\Visitor\VisitorTest" file="/home/app/tests/Visitor/VisitorTest.php" line="58" assertions="1" time="0.054550"/>
      <testcase name="testJson" class="Flagship\Visitor\VisitorTest" file="/home/app/tests/Visitor/VisitorTest.php" line="172" assertions="3" time="0.022857"/>
    </testsuite>
  </testsuite>
</testsuites>
